
/home/runner/work/exp-foundation-formwork-peri-iitd/exp-foundation-formwork-peri-iitd/experiment/simulation/js/layout.js
   9:10  warning  'nextDrawerItem' is defined but never used  no-unused-vars
  20:10  warning  'backDrawerItem' is defined but never used  no-unused-vars

/home/runner/work/exp-foundation-formwork-peri-iitd/exp-foundation-formwork-peri-iitd/experiment/simulation/js/main.js
   189:7   warning  'ChartGraph' is assigned a value but never used     no-unused-vars
   193:6   warning  'Graph1' is not defined                             no-undef
   197:6   warning  'Graph2' is not defined                             no-undef
   201:6   warning  'Graph3' is not defined                             no-undef
   205:6   warning  'Graph4' is not defined                             no-undef
   221:23  warning  'Chart' is not defined                              no-undef
   255:5   warning  'isPerformNext' is assigned a value but never used  no-unused-vars
   277:7   warning  'opacity' is assigned a value but never used        no-unused-vars
   283:7   warning  'hideAll' is assigned a value but never used        no-unused-vars
   283:28  warning  'disp' is assigned a value but never used           no-unused-vars
   289:7   warning  'showAll' is assigned a value but never used        no-unused-vars
   289:28  warning  'disp' is assigned a value but never used           no-unused-vars
   296:7   warning  'set' is assigned a value but never used            no-unused-vars
   329:29  warning  'speed' is assigned a value but never used          no-unused-vars
   336:15  warning  'Typed' is not defined                              no-undef
   357:19  warning  'src' is not defined                                no-undef
   478:17  warning  'anime' is not defined                              no-undef
   631:10  warning  'cursorPointer' is defined but never used           no-unused-vars
   726:10  warning  'i' is not defined                                  no-undef
   727:18  warning  'i' is not defined                                  no-undef
   729:10  warning  'i' is not defined                                  no-undef
   730:11  warning  'i' is not defined                                  no-undef
   730:28  warning  'i' is not defined                                  no-undef
   730:48  warning  'i' is not defined                                  no-undef
   733:25  warning  'i' is not defined                                  no-undef
   757:6   warning  'intro' is not defined                              no-undef
   788:18  warning  'anime' is not defined                              no-undef
   810:15  warning  'intru' is not defined                              no-undef
   810:27  warning  'Typed' is not defined                              no-undef
   829:16  warning  'intru' is not defined                              no-undef
   847:6   warning  'objective' is not defined                          no-undef
   881:5   warning  'anime' is not defined                              no-undef
   892:6   warning  'step1' is not defined                              no-undef
   900:22  warning  'anime' is not defined                              no-undef
   958:6   warning  'step2' is not defined                              no-undef
  1027:28  warning  'anime' is not defined                              no-undef
  1116:6   warning  'step4' is not defined                              no-undef
  1217:24  warning  'anime' is not defined                              no-undef
  1246:21  warning  'anime' is not defined                              no-undef
  1274:29  warning  'anime' is not defined                              no-undef
  1308:48  warning  'i' is assigned a value but never used              no-unused-vars
  1312:39  warning  'anime' is not defined                              no-undef
  1346:41  warning  'anime' is not defined                              no-undef
  1375:51  warning  'animeObj' is assigned a value but never used       no-unused-vars
  1375:62  warning  'anime' is not defined                              no-undef
  1390:51  warning  'anime' is not defined                              no-undef
  1403:55  warning  'anime' is not defined                              no-undef
  1416:59  warning  'anime' is not defined                              no-undef
  1499:6   warning  'step5' is not defined                              no-undef
  1572:9   warning  'anime' is not defined                              no-undef
  1607:9   warning  'anime' is not defined                              no-undef
  1629:11  warning  'anime' is not defined                              no-undef
  1639:6   warning  'completed' is not defined                          no-undef
  1677:7   warning  'backDrawerItem' is not defined                     no-undef
  1678:7   warning  'backProgressBar' is not defined                    no-undef
  1688:9   warning  'nextDrawerItem' is not defined                     no-undef
  1689:9   warning  'nextProgressBar' is not defined                    no-undef
  1692:12  warning  Empty block statement                               no-empty

/home/runner/work/exp-foundation-formwork-peri-iitd/exp-foundation-formwork-peri-iitd/experiment/simulation/js/progressBar.js
   2:7  warning  'prevBtns' is assigned a value but never used         no-unused-vars
   3:7  warning  'nextBtns' is assigned a value but never used         no-unused-vars
  12:7  warning  'nextProgressBar' is assigned a value but never used  no-unused-vars
  19:7  warning  'backProgressBar' is assigned a value but never used  no-unused-vars

✖ 64 problems (0 errors, 64 warnings)

